2026-02-14 | Day 0/14 | criteria_met=false | would_block_pct=0.00 | expired=0 | missing=0 | enforce=OFF | split_brain=0 | BREACH: no_orders_evaluated (rehearsal active, enforcement not yet enabled — D+1 pre-flight)
2026-02-15 | CONTRACTION DAY 0 | v7.9-S1 baseline | commit=9c069755 | NAV=$9688.30 | regime=CHOPPY | positions=0 | episodes_post=0
2026-02-15 | CONFIG LOCK | sha256: strategy=267dd161 risk=9f8d0b37 universe=885539d6 | NO CHANGES FOR 14 DAYS
2026-02-15 | SCORING BASELINE | hybrid_std=0.0011 conviction=100%_very_low scored_episodes=0 | This is the measurement floor
2026-02-17 | Day 2/14 | criteria_met=false | would_block_pct=0.00 | expired=0 | missing=0 | enforce=OFF | split_brain=0 | BREACH: no_orders_evaluated — CHOPPY regime, 0 orders, 10394 signals, 258 min_notional vetoes
2026-02-17 | maturity: slippage=N expectancy=N cerberus=N
2026-02-17 | NAV=$9669.08 (baseline $9688.30, delta -$19.22, -0.20%) | positions=0 | post_contraction_episodes=0 | config_hashes=LOCKED
2026-02-17 | DISPERSION ANALYSIS | hybrid_std=0.0128 (baseline 0.0011, 11.6x wider) | BUT inter-symbol only, not intra-signal
2026-02-17 | COMPONENT STATUS | trend=0.5(frozen) carry=0.5(frozen) expectancy=0.5(frozen) router=LIVE(0.45-0.66) | 3/4 components at neutral default
2026-02-17 | CONVICTION STATUS | 100% unscored (10641/10641) | confidence=0.0/0.1 | cold-start loop confirmed
2026-02-17 | STRUCTURAL FINDING | scoring components are outcome-dependent — require closed episodes to calibrate — creates self-sealing loop under contraction | POST-WINDOW ACTION: evaluate feature-level (non-outcome) inputs for trend/carry/expectancy
2026-02-17 | GOVERNANCE | no scoring changes, no gate changes, no config changes during window | window continues as designed
2026-02-17 | GOVERNANCE CONFIRMED | Answer=C (redesign scoring components post-window) | No gate loosening, no config changes, no forced exposure | Window integrity preserved
2026-02-17 | POST-WINDOW SCOPE LOCKED | Feature-level inputs for trend (momentum z, slope, R²) + carry (funding rate delta, basis) + expectancy (regime-conditional priors with shrinkage) | Outcome feedback becomes calibration, not existence
2026-02-17 | DAY 3 MONITOR | check: components frozen? router stable? regime mix? confidence distribution? | observation only, no changes
2026-02-17 | BINARY LAB FORMALIZED | satellite lab protocol v1.0 | hypothesis: high-conviction signals → positive EV on 15-min binary rounds | NOT DEPLOYED — gated on Phase C dispersion proof
2026-02-17 | BINARY LAB CONFIG | sleeve=$2000 deploy_max=$1200 reserve=$800 per_round=$20 max_concurrent=3 kill_line=$1700 horizon=15min freeze=30d
2026-02-17 | BINARY LAB FILES | ops/BINARY_LAB_WINDOW_2026-02-XX.md + ops/BINARY_LAB_30_DAY_BRIEF.md + ops/BINARY_LAB_DAILY_CHECKPOINT.md + config/binary_lab_limits.json + logs/state/binary_lab_state.json + v7_manifest.json updated
2026-02-17 | BINARY LAB GOVERNANCE | no simulation, no backtest, no threshold tweaks before activation | binary entry must use EXACT same conviction+regime logic as futures — no separate scoring | activation gated on Phase C dispersion proof only
2026-02-17 | NEXT EVENT | first scored episode in Phase C | until then: observe, no movement, no narrative shifts
2026-02-18 | Day 3/14 | criteria_met=false | would_block_pct=0.00 | expired=0 | missing=0 | enforce=OFF | split_brain=0 | BREACH: no_orders_evaluated — MEAN_REVERT regime (51.8%), 0 orders, 2767 conviction vetoes + 258 min_notional vetoes
2026-02-18 | maturity: slippage=N expectancy=N cerberus=N
2026-02-18 | NAV=$9668.88 (baseline $9688.30, delta -$19.42, -0.20%) | positions=0 | post_contraction_episodes=0 | config_hashes=LOCKED
2026-02-18 | REGIME SHIFT | CHOPPY→MEAN_REVERT (51.8% MR vs 48.2% CHOPPY) | borderline — still hostile for directional entries
2026-02-18 | DLE SHADOW | 100,556 events (was 77,539 Day 2) | +23,017 events/day — pipeline alive
2026-02-18 | COMPONENT STATUS | trend=0.5(frozen) carry=0.5(frozen) expectancy=0.5(frozen) router=LIVE(BTC=0.66, ETH=0.47, SOL=0.67) | router stable vs Day 2
2026-02-18 | CONVICTION STATUS | 100% unscored | confidence=78% at 0.1, 22% at 0.0 | conviction gate rejecting 2767 entries (band_below_minimum) — gates working as designed
